#
# There is insufficient memory for the Java Runtime Environment to continue.
# Native memory allocation (mmap) failed to map 142606336 bytes for committing reserved memory.
# Possible reasons:
#   The system is out of physical RAM or swap space
#   In 32 bit mode, the process size limit was hit
# Possible solutions:
#   Reduce memory load on the system
#   Increase physical memory or swap space
#   Check if swap backing store is full
#   Use 64 bit Java on a 64 bit OS
#   Decrease Java heap size (-Xmx/-Xms)
#   Decrease number of Java threads
#   Decrease Java thread stack sizes (-Xss)
#   Set larger code cache with -XX:ReservedCodeCacheSize=
# This output file may be truncated or incomplete.
#
#  Out of Memory Error (os_linux.cpp:2630), pid=13911, tid=140473387669248
#
# JRE version: OpenJDK Runtime Environment (8.0_91-b14) (build 1.8.0_91-8u91-b14-3ubuntu1~16.04.1-b14)
# Java VM: OpenJDK 64-Bit Server VM (25.91-b14 mixed mode linux-amd64 compressed oops)
# Failed to write core dump. Core dumps have been disabled. To enable core dumping, try "ulimit -c unlimited" before starting Java again
#

---------------  T H R E A D  ---------------

Current thread (0x00007fc294077800):  VMThread [stack: 0x00007fc2824f5000,0x00007fc2825f6000] [id=13931]

Stack: [0x00007fc2824f5000,0x00007fc2825f6000],  sp=0x00007fc2825f44c0,  free space=1021k
Native frames: (J=compiled Java code, j=interpreted, Vv=VM code, C=native code)
V  [libjvm.so+0xa5de1b]
V  [libjvm.so+0x4c178c]
V  [libjvm.so+0x8ae9d0]
V  [libjvm.so+0x8a8e4e]
V  [libjvm.so+0x922f46]
V  [libjvm.so+0x924273]
V  [libjvm.so+0x920923]
V  [libjvm.so+0x920bec]
V  [libjvm.so+0x8d3263]
V  [libjvm.so+0xa5fad2]
V  [libjvm.so+0xa64b57]
V  [libjvm.so+0xa62327]
V  [libjvm.so+0xa637af]
V  [libjvm.so+0xa63ca1]
V  [libjvm.so+0x8abeb2]

VM_Operation (0x00007fc2815b6d30): ParallelGCFailedAllocation, mode: safepoint, requested by thread 0x00007fc2941aa800


---------------  P R O C E S S  ---------------

Java Threads: ( => current thread )
  0x00007fc2941aa800 JavaThread "pool-2-thread-4" [_thread_blocked, id=13973, stack(0x00007fc2814b8000,0x00007fc2815b9000)]
  0x00007fc2941a9000 JavaThread "pool-2-thread-3" [_thread_blocked, id=13972, stack(0x00007fc2815b9000,0x00007fc2816ba000)]
  0x00007fc2941a7800 JavaThread "pool-2-thread-2" [_thread_blocked, id=13969, stack(0x00007fc2816ba000,0x00007fc2817bb000)]
  0x00007fc2941a5000 JavaThread "pool-3-thread-1" [_thread_blocked, id=13967, stack(0x00007fc2817bb000,0x00007fc2818bc000)]
  0x00007fc2941a3000 JavaThread "pool-2-thread-1" [_thread_blocked, id=13966, stack(0x00007fc2818bc000,0x00007fc2819bd000)]
  0x00007fc2940b9000 JavaThread "Service Thread" daemon [_thread_blocked, id=13945, stack(0x00007fc281b15000,0x00007fc281c16000)]
  0x00007fc2940b2000 JavaThread "C1 CompilerThread2" daemon [_thread_blocked, id=13944, stack(0x00007fc281c16000,0x00007fc281d17000)]
  0x00007fc2940b0000 JavaThread "C2 CompilerThread1" daemon [_thread_blocked, id=13942, stack(0x00007fc281d17000,0x00007fc281e18000)]
  0x00007fc2940ad000 JavaThread "C2 CompilerThread0" daemon [_thread_blocked, id=13940, stack(0x00007fc281e18000,0x00007fc281f19000)]
  0x00007fc2940ab000 JavaThread "Signal Dispatcher" daemon [_thread_blocked, id=13939, stack(0x00007fc281f19000,0x00007fc28201a000)]
  0x00007fc294084000 JavaThread "Finalizer" daemon [_thread_blocked, id=13935, stack(0x00007fc2822f3000,0x00007fc2823f4000)]
  0x00007fc29407f000 JavaThread "Reference Handler" daemon [_thread_blocked, id=13933, stack(0x00007fc2823f4000,0x00007fc2824f5000)]
  0x00007fc29400a000 JavaThread "main" [_thread_blocked, id=13917, stack(0x00007fc29d282000,0x00007fc29d383000)]

Other Threads:
=>0x00007fc294077800 VMThread [stack: 0x00007fc2824f5000,0x00007fc2825f6000] [id=13931]
  0x00007fc2940bb800 WatcherThread [stack: 0x00007fc281a14000,0x00007fc281b15000] [id=13947]

VM state:at safepoint (normal execution)

VM Mutex/Monitor currently owned by a thread:  ([mutex/lock_event])
[0x00007fc294006800] Threads_lock - owner thread: 0x00007fc294077800
[0x00007fc294006d00] Heap_lock - owner thread: 0x00007fc2941aa800

Heap:
 PSYoungGen      total 134656K, used 13288K [0x00000000eab00000, 0x00000000f3d00000, 0x0000000100000000)
  eden space 121344K, 0% used [0x00000000eab00000,0x00000000eab00000,0x00000000f2180000)
  from space 13312K, 99% used [0x00000000f2180000,0x00000000f2e7a260,0x00000000f2e80000)
  to   space 11776K, 0% used [0x00000000f2e80000,0x00000000f2e80000,0x00000000f3a00000)
 ParOldGen       total 40960K, used 34979K [0x00000000c0000000, 0x00000000c2800000, 0x00000000eab00000)
  object space 40960K, 85% used [0x00000000c0000000,0x00000000c2228cc0,0x00000000c2800000)
 Metaspace       used 6169K, capacity 7152K, committed 7296K, reserved 1056768K
  class space    used 584K, capacity 616K, committed 640K, reserved 1048576K

Card table byte_map: [0x00007fc299752000,0x00007fc299953000] byte_map_base: 0x00007fc299152000

Marking Bits: (ParMarkBitMap*) 0x00007fc29c559fc0
 Begin Bits: [0x00007fc283000000, 0x00007fc284000000)
 End Bits:   [0x00007fc284000000, 0x00007fc285000000)

Polling page: 0x00007fc29d3ab000

CodeCache: size=245760Kb used=6937Kb max_used=6937Kb free=238822Kb
 bounds [0x00007fc285000000, 0x00007fc2856d0000, 0x00007fc294000000]
 total_blobs=2068 nmethods=1800 adapters=182
 compilation: enabled

Compilation events (10 events):
Event: 9,099 Thread 0x00007fc2940b2000 2156       2       com.android.dx.rop.code.Rops::opNewArray (124 bytes)
Event: 9,100 Thread 0x00007fc2940b2000 nmethod 2156 0x00007fc2856c9010 code [0x00007fc2856c9200, 0x00007fc2856c9828]
Event: 9,151 Thread 0x00007fc2940b2000 2157       3       java.util.TreeMap::successor (66 bytes)
Event: 9,152 Thread 0x00007fc2940b2000 nmethod 2157 0x00007fc2856c9c10 code [0x00007fc2856c9da0, 0x00007fc2856ca110]
Event: 9,186 Thread 0x00007fc2940b2000 2158       2       com.android.dx.rop.code.RegisterSpecList::indexOfRegister (38 bytes)
Event: 9,187 Thread 0x00007fc2940b2000 nmethod 2158 0x00007fc2856ca290 code [0x00007fc2856ca400, 0x00007fc2856ca668]
Event: 9,200 Thread 0x00007fc2940b2000 2159       2       com.android.dx.rop.annotation.Annotation::<init> (54 bytes)
Event: 9,201 Thread 0x00007fc2940b2000 nmethod 2159 0x00007fc2856ca810 code [0x00007fc2856ca9a0, 0x00007fc2856cacf8]
Event: 9,201 Thread 0x00007fc2940b2000 2160       2       com.android.dx.dex.file.AnnotationItem::addContents (27 bytes)
Event: 9,201 Thread 0x00007fc2940b2000 nmethod 2160 0x00007fc2856cae50 code [0x00007fc2856cafc0, 0x00007fc2856cb198]

GC Heap History (10 events):
Event: 2,242 GC heap after
Heap after GC invocations=2 (full 0):
 PSYoungGen      total 33280K, used 2551K [0x00000000eab00000, 0x00000000ece00000, 0x0000000100000000)
  eden space 30720K, 0% used [0x00000000eab00000,0x00000000eab00000,0x00000000ec900000)
  from space 2560K, 99% used [0x00000000ecb80000,0x00000000ecdfdc88,0x00000000ece00000)
  to   space 2560K, 0% used [0x00000000ec900000,0x00000000ec900000,0x00000000ecb80000)
 ParOldGen       total 40960K, used 2914K [0x00000000c0000000, 0x00000000c2800000, 0x00000000eab00000)
  object space 40960K, 7% used [0x00000000c0000000,0x00000000c02d88a8,0x00000000c2800000)
 Metaspace       used 5603K, capacity 6704K, committed 6784K, reserved 1056768K
  class space    used 565K, capacity 616K, committed 640K, reserved 1048576K
}
Event: 3,132 GC heap before
{Heap before GC invocations=3 (full 0):
 PSYoungGen      total 33280K, used 33271K [0x00000000eab00000, 0x00000000ece00000, 0x0000000100000000)
  eden space 30720K, 100% used [0x00000000eab00000,0x00000000ec900000,0x00000000ec900000)
  from space 2560K, 99% used [0x00000000ecb80000,0x00000000ecdfdc88,0x00000000ece00000)
  to   space 2560K, 0% used [0x00000000ec900000,0x00000000ec900000,0x00000000ecb80000)
 ParOldGen       total 40960K, used 2914K [0x00000000c0000000, 0x00000000c2800000, 0x00000000eab00000)
  object space 40960K, 7% used [0x00000000c0000000,0x00000000c02d88a8,0x00000000c2800000)
 Metaspace       used 5680K, capacity 6768K, committed 7040K, reserved 1056768K
  class space    used 565K, capacity 616K, committed 640K, reserved 1048576K
Event: 3,181 GC heap after
Heap after GC invocations=3 (full 0):
 PSYoungGen      total 33280K, used 2528K [0x00000000eab00000, 0x00000000eec00000, 0x0000000100000000)
  eden space 30720K, 0% used [0x00000000eab00000,0x00000000eab00000,0x00000000ec900000)
  from space 2560K, 98% used [0x00000000ec900000,0x00000000ecb78028,0x00000000ecb80000)
  to   space 2560K, 0% used [0x00000000ee980000,0x00000000ee980000,0x00000000eec00000)
 ParOldGen       total 40960K, used 7164K [0x00000000c0000000, 0x00000000c2800000, 0x00000000eab00000)
  object space 40960K, 17% used [0x00000000c0000000,0x00000000c06ff380,0x00000000c2800000)
 Metaspace       used 5680K, capacity 6768K, committed 7040K, reserved 1056768K
  class space    used 565K, capacity 616K, committed 640K, reserved 1048576K
}
Event: 3,718 GC heap before
{Heap before GC invocations=4 (full 0):
 PSYoungGen      total 33280K, used 33248K [0x00000000eab00000, 0x00000000eec00000, 0x0000000100000000)
  eden space 30720K, 100% used [0x00000000eab00000,0x00000000ec900000,0x00000000ec900000)
  from space 2560K, 98% used [0x00000000ec900000,0x00000000ecb78028,0x00000000ecb80000)
  to   space 2560K, 0% used [0x00000000ee980000,0x00000000ee980000,0x00000000eec00000)
 ParOldGen       total 40960K, used 7164K [0x00000000c0000000, 0x00000000c2800000, 0x00000000eab00000)
  object space 40960K, 17% used [0x00000000c0000000,0x00000000c06ff380,0x00000000c2800000)
 Metaspace       used 5821K, capacity 6832K, committed 7040K, reserved 1056768K
  class space    used 584K, capacity 616K, committed 640K, reserved 1048576K
Event: 3,761 GC heap after
Heap after GC invocations=4 (full 0):
 PSYoungGen      total 64000K, used 2528K [0x00000000eab00000, 0x00000000eec00000, 0x0000000100000000)
  eden space 61440K, 0% used [0x00000000eab00000,0x00000000eab00000,0x00000000ee700000)
  from space 2560K, 98% used [0x00000000ee980000,0x00000000eebf8028,0x00000000eec00000)
  to   space 2560K, 0% used [0x00000000ee700000,0x00000000ee700000,0x00000000ee980000)
 ParOldGen       total 40960K, used 11467K [0x00000000c0000000, 0x00000000c2800000, 0x00000000eab00000)
  object space 40960K, 27% used [0x00000000c0000000,0x00000000c0b32ff8,0x00000000c2800000)
 Metaspace       used 5821K, capacity 6832K, committed 7040K, reserved 1056768K
  class space    used 584K, capacity 616K, committed 640K, reserved 1048576K
}
Event: 5,504 GC heap before
{Heap before GC invocations=5 (full 0):
 PSYoungGen      total 64000K, used 63968K [0x00000000eab00000, 0x00000000eec00000, 0x0000000100000000)
  eden space 61440K, 100% used [0x00000000eab00000,0x00000000ee700000,0x00000000ee700000)
  from space 2560K, 98% used [0x00000000ee980000,0x00000000eebf8028,0x00000000eec00000)
  to   space 2560K, 0% used [0x00000000ee700000,0x00000000ee700000,0x00000000ee980000)
 ParOldGen       total 40960K, used 11467K [0x00000000c0000000, 0x00000000c2800000, 0x00000000eab00000)
  object space 40960K, 27% used [0x00000000c0000000,0x00000000c0b32ff8,0x00000000c2800000)
 Metaspace       used 5934K, capacity 6960K, committed 7040K, reserved 1056768K
  class space    used 584K, capacity 616K, committed 640K, reserved 1048576K
Event: 5,914 GC heap after
Heap after GC invocations=5 (full 0):
 PSYoungGen      total 64000K, used 2528K [0x00000000eab00000, 0x00000000f3a00000, 0x0000000100000000)
  eden space 61440K, 0% used [0x00000000eab00000,0x00000000eab00000,0x00000000ee700000)
  from space 2560K, 98% used [0x00000000ee700000,0x00000000ee978028,0x00000000ee980000)
  to   space 11776K, 0% used [0x00000000f2e80000,0x00000000f2e80000,0x00000000f3a00000)
 ParOldGen       total 40960K, used 20109K [0x00000000c0000000, 0x00000000c2800000, 0x00000000eab00000)
  object space 40960K, 49% used [0x00000000c0000000,0x00000000c13a3618,0x00000000c2800000)
 Metaspace       used 5934K, capacity 6960K, committed 7040K, reserved 1056768K
  class space    used 584K, capacity 616K, committed 640K, reserved 1048576K
}
Event: 6,839 GC heap before
{Heap before GC invocations=6 (full 0):
 PSYoungGen      total 64000K, used 63968K [0x00000000eab00000, 0x00000000f3a00000, 0x0000000100000000)
  eden space 61440K, 100% used [0x00000000eab00000,0x00000000ee700000,0x00000000ee700000)
  from space 2560K, 98% used [0x00000000ee700000,0x00000000ee978028,0x00000000ee980000)
  to   space 11776K, 0% used [0x00000000f2e80000,0x00000000f2e80000,0x00000000f3a00000)
 ParOldGen       total 40960K, used 20109K [0x00000000c0000000, 0x00000000c2800000, 0x00000000eab00000)
  object space 40960K, 49% used [0x00000000c0000000,0x00000000c13a3618,0x00000000c2800000)
 Metaspace       used 5982K, capacity 6960K, committed 7040K, reserved 1056768K
  class space    used 584K, capacity 616K, committed 640K, reserved 1048576K
Event: 6,981 GC heap after
Heap after GC invocations=6 (full 0):
 PSYoungGen      total 133120K, used 10885K [0x00000000eab00000, 0x00000000f3d00000, 0x0000000100000000)
  eden space 121344K, 0% used [0x00000000eab00000,0x00000000eab00000,0x00000000f2180000)
  from space 11776K, 92% used [0x00000000f2e80000,0x00000000f3921458,0x00000000f3a00000)
  to   space 13312K, 0% used [0x00000000f2180000,0x00000000f2180000,0x00000000f2e80000)
 ParOldGen       total 40960K, used 20109K [0x00000000c0000000, 0x00000000c2800000, 0x00000000eab00000)
  object space 40960K, 49% used [0x00000000c0000000,0x00000000c13a3618,0x00000000c2800000)
 Metaspace       used 5982K, capacity 6960K, committed 7040K, reserved 1056768K
  class space    used 584K, capacity 616K, committed 640K, reserved 1048576K
}
Event: 9,236 GC heap before
{Heap before GC invocations=7 (full 0):
 PSYoungGen      total 133120K, used 132229K [0x00000000eab00000, 0x00000000f3d00000, 0x0000000100000000)
  eden space 121344K, 100% used [0x00000000eab00000,0x00000000f2180000,0x00000000f2180000)
  from space 11776K, 92% used [0x00000000f2e80000,0x00000000f3921458,0x00000000f3a00000)
  to   space 13312K, 0% used [0x00000000f2180000,0x00000000f2180000,0x00000000f2e80000)
 ParOldGen       total 40960K, used 20109K [0x00000000c0000000, 0x00000000c2800000, 0x00000000eab00000)
  object space 40960K, 49% used [0x00000000c0000000,0x00000000c13a3618,0x00000000c2800000)
 Metaspace       used 6169K, capacity 7152K, committed 7296K, reserved 1056768K
  class space    used 584K, capacity 616K, committed 640K, reserved 1048576K

Deoptimization events (10 events):
Event: 3,786 Thread 0x00007fc2941a3000 Uncommon trap: reason=bimorphic action=maybe_recompile pc=0x00007fc2852212a4 method=java.util.HashMap.getNode(ILjava/lang/Object;)Ljava/util/HashMap$Node; @ 126
Event: 3,786 Thread 0x00007fc2941a3000 Uncommon trap: reason=bimorphic action=maybe_recompile pc=0x00007fc2852212a4 method=java.util.HashMap.getNode(ILjava/lang/Object;)Ljava/util/HashMap$Node; @ 126
Event: 3,786 Thread 0x00007fc2941a3000 Uncommon trap: reason=bimorphic action=maybe_recompile pc=0x00007fc2852212a4 method=java.util.HashMap.getNode(ILjava/lang/Object;)Ljava/util/HashMap$Node; @ 126
Event: 4,245 Thread 0x00007fc29400a000 Uncommon trap: reason=bimorphic action=maybe_recompile pc=0x00007fc2852212a4 method=java.util.HashMap.getNode(ILjava/lang/Object;)Ljava/util/HashMap$Node; @ 126
Event: 6,986 Thread 0x00007fc2941a7800 Uncommon trap: reason=unstable_if action=reinterpret pc=0x00007fc285481a64 method=java.util.HashMap.putVal(ILjava/lang/Object;Ljava/lang/Object;ZZ)Ljava/lang/Object; @ 162
Event: 7,005 Thread 0x00007fc29400a000 Uncommon trap: reason=unstable_if action=reinterpret pc=0x00007fc285470bd8 method=java.util.HashMap.putVal(ILjava/lang/Object;Ljava/lang/Object;ZZ)Ljava/lang/Object; @ 162
Event: 8,360 Thread 0x00007fc2941a9000 Uncommon trap: reason=bimorphic action=maybe_recompile pc=0x00007fc2856017d8 method=com.android.dx.ssa.SCCP.simulatePhi(Lcom/android/dx/ssa/PhiInsn;)V @ 124
Event: 8,360 Thread 0x00007fc2941a9000 Uncommon trap: reason=bimorphic action=maybe_recompile pc=0x00007fc2856017d8 method=com.android.dx.ssa.SCCP.simulatePhi(Lcom/android/dx/ssa/PhiInsn;)V @ 124
Event: 8,360 Thread 0x00007fc2941a9000 Uncommon trap: reason=bimorphic action=maybe_recompile pc=0x00007fc2856017d8 method=com.android.dx.ssa.SCCP.simulatePhi(Lcom/android/dx/ssa/PhiInsn;)V @ 124
Event: 8,602 Thread 0x00007fc2941aa800 Uncommon trap: reason=bimorphic action=maybe_recompile pc=0x00007fc2856017d8 method=com.android.dx.ssa.SCCP.simulatePhi(Lcom/android/dx/ssa/PhiInsn;)V @ 124

Internal exceptions (6 events):
Event: 0,055 Thread 0x00007fc29400a000 Exception <a 'java/lang/NoSuchMethodError': Method sun.misc.Unsafe.defineClass(Ljava/lang/String;[BII)Ljava/lang/Class; name or signature does not match> (0x00000000eab07cc0) thrown at [/build/openjdk-8-W1Ghxo/openjdk-8-8u91-b14/src/hotspot/src/share/vm/p
Event: 0,055 Thread 0x00007fc29400a000 Exception <a 'java/lang/NoSuchMethodError': Method sun.misc.Unsafe.prefetchRead(Ljava/lang/Object;J)V name or signature does not match> (0x00000000eab07fa8) thrown at [/build/openjdk-8-W1Ghxo/openjdk-8-8u91-b14/src/hotspot/src/share/vm/prims/jni.cpp, line
Event: 2,337 Thread 0x00007fc2941a9000 Implicit null exception at 0x00007fc2852bb090 to 0x00007fc2852bd6b1
Event: 3,408 Thread 0x00007fc29400a000 Exception <a 'java/lang/ArrayIndexOutOfBoundsException': 18> (0x00000000eb5d4988) thrown at [/build/openjdk-8-W1Ghxo/openjdk-8-8u91-b14/src/hotspot/src/share/vm/interpreter/interpreterRuntime.cpp, line 366]
Event: 3,416 Thread 0x00007fc29400a000 Exception <a 'java/lang/ArrayIndexOutOfBoundsException': 145> (0x00000000eb5d6508) thrown at [/build/openjdk-8-W1Ghxo/openjdk-8-8u91-b14/src/hotspot/src/share/vm/interpreter/interpreterRuntime.cpp, line 366]
Event: 3,417 Thread 0x00007fc29400a000 Exception <a 'java/lang/ArrayIndexOutOfBoundsException': 40> (0x00000000eb5d77f0) thrown at [/build/openjdk-8-W1Ghxo/openjdk-8-8u91-b14/src/hotspot/src/share/vm/interpreter/interpreterRuntime.cpp, line 366]

Events (10 events):
Event: 8,921 Thread 0x00007fc2941a9000 DEOPT UNPACKING pc=0x00007fc285047373 sp=0x00007fc2816b7db0 mode 0
Event: 9,036 Thread 0x00007fc29400a000 DEOPT PACKING pc=0x00007fc285202bf9 sp=0x00007fc29d380870
Event: 9,036 Thread 0x00007fc29400a000 DEOPT UNPACKING pc=0x00007fc285047373 sp=0x00007fc29d3805c0 mode 0
Event: 9,043 Thread 0x00007fc2941a7800 DEOPT PACKING pc=0x00007fc28534746c sp=0x00007fc2817b91b0
Event: 9,043 Thread 0x00007fc2941a7800 DEOPT UNPACKING pc=0x00007fc285047373 sp=0x00007fc2817b8eb0 mode 0
Event: 9,049 Thread 0x00007fc2941a9000 DEOPT PACKING pc=0x00007fc2853fecdf sp=0x00007fc2816b8090
Event: 9,049 Thread 0x00007fc2941a9000 DEOPT UNPACKING pc=0x00007fc285047373 sp=0x00007fc2816b7e28 mode 0
Event: 9,224 Thread 0x00007fc2941aa800 DEOPT PACKING pc=0x00007fc28534746c sp=0x00007fc2815b71b0
Event: 9,224 Thread 0x00007fc2941aa800 DEOPT UNPACKING pc=0x00007fc285047373 sp=0x00007fc2815b6eb0 mode 0
Event: 9,236 Executing VM operation: ParallelGCFailedAllocation


Dynamic libraries:
00400000-00401000 r-xp 00000000 08:05 2230139                            /usr/lib/jvm/java-8-openjdk-amd64/jre/bin/java
00600000-00601000 r--p 00000000 08:05 2230139                            /usr/lib/jvm/java-8-openjdk-amd64/jre/bin/java
00601000-00602000 rw-p 00001000 08:05 2230139                            /usr/lib/jvm/java-8-openjdk-amd64/jre/bin/java
0112a000-0114b000 rw-p 00000000 00:00 0                                  [heap]
c0000000-c2800000 rw-p 00000000 00:00 0 
c2800000-eab00000 ---p 00000000 00:00 0 
eab00000-f3d00000 rw-p 00000000 00:00 0 
fc500000-100000000 ---p 00000000 00:00 0 
100000000-1000a0000 rw-p 00000000 00:00 0 
1000a0000-140000000 ---p 00000000 00:00 0 
7fc234000000-7fc234021000 rw-p 00000000 00:00 0 
7fc234021000-7fc238000000 ---p 00000000 00:00 0 
7fc23c000000-7fc23c031000 rw-p 00000000 00:00 0 
7fc23c031000-7fc240000000 ---p 00000000 00:00 0 
7fc240000000-7fc240037000 rw-p 00000000 00:00 0 
7fc240037000-7fc244000000 ---p 00000000 00:00 0 
7fc244000000-7fc24402a000 rw-p 00000000 00:00 0 
7fc24402a000-7fc248000000 ---p 00000000 00:00 0 
7fc248000000-7fc248021000 rw-p 00000000 00:00 0 
7fc248021000-7fc24c000000 ---p 00000000 00:00 0 
7fc24c000000-7fc24c021000 rw-p 00000000 00:00 0 
7fc24c021000-7fc250000000 ---p 00000000 00:00 0 
7fc250000000-7fc250021000 rw-p 00000000 00:00 0 
7fc250021000-7fc254000000 ---p 00000000 00:00 0 
7fc254000000-7fc254c31000 rw-p 00000000 00:00 0 
7fc254c31000-7fc258000000 ---p 00000000 00:00 0 
7fc258000000-7fc258b81000 rw-p 00000000 00:00 0 
7fc258b81000-7fc25c000000 ---p 00000000 00:00 0 
7fc25c000000-7fc25c021000 rw-p 00000000 00:00 0 
7fc25c021000-7fc260000000 ---p 00000000 00:00 0 
7fc260000000-7fc260b0c000 rw-p 00000000 00:00 0 
7fc260b0c000-7fc264000000 ---p 00000000 00:00 0 
7fc264000000-7fc264021000 rw-p 00000000 00:00 0 
7fc264021000-7fc268000000 ---p 00000000 00:00 0 
7fc268000000-7fc268021000 rw-p 00000000 00:00 0 
7fc268021000-7fc26c000000 ---p 00000000 00:00 0 
7fc26c000000-7fc26c021000 rw-p 00000000 00:00 0 
7fc26c021000-7fc270000000 ---p 00000000 00:00 0 
7fc270000000-7fc270021000 rw-p 00000000 00:00 0 
7fc270021000-7fc274000000 ---p 00000000 00:00 0 
7fc274000000-7fc274021000 rw-p 00000000 00:00 0 
7fc274021000-7fc278000000 ---p 00000000 00:00 0 
7fc278000000-7fc278021000 rw-p 00000000 00:00 0 
7fc278021000-7fc27c000000 ---p 00000000 00:00 0 
7fc27c000000-7fc27c021000 rw-p 00000000 00:00 0 
7fc27c021000-7fc280000000 ---p 00000000 00:00 0 
7fc281492000-7fc281499000 r--s 00000000 08:05 2516017                    /usr/lib/x86_64-linux-gnu/gconv/gconv-modules.cache
7fc281499000-7fc2814b8000 r--p 00000000 08:05 2903985                    /usr/share/locale-langpack/id/LC_MESSAGES/libc.mo
7fc2814b8000-7fc2814bb000 ---p 00000000 00:00 0 
7fc2814bb000-7fc2815b9000 rw-p 00000000 00:00 0 
7fc2815b9000-7fc2815bc000 ---p 00000000 00:00 0 
7fc2815bc000-7fc2816ba000 rw-p 00000000 00:00 0 
7fc2816ba000-7fc2816bd000 ---p 00000000 00:00 0 
7fc2816bd000-7fc2817bb000 rw-p 00000000 00:00 0 
7fc2817bb000-7fc2817be000 ---p 00000000 00:00 0 
7fc2817be000-7fc2818bc000 rw-p 00000000 00:00 0 
7fc2818bc000-7fc2818bf000 ---p 00000000 00:00 0 
7fc2818bf000-7fc2819bd000 rw-p 00000000 00:00 0 
7fc2819bd000-7fc2819c5000 r--s 0007d000 08:05 531551                     /home/vanhauten/.gradle/caches/modules-2/files-2.1/com.google.zxing/core/3.2.1/2287494d4f5f9f3a9a2bb6980e3f32053721b315/core-3.2.1.jar
7fc2819c5000-7fc2819d4000 r--s 000df000 08:05 5786789                    /home/vanhauten/Android/Sdk/build-tools/23.0.3/lib/dx.jar
7fc2819d4000-7fc2819ef000 r--s 001d7000 08:05 2230670                    /usr/lib/jvm/java-8-openjdk-amd64/jre/lib/ext/nashorn.jar
7fc2819ef000-7fc2819f4000 r--s 0003b000 08:05 2230680                    /usr/lib/jvm/java-8-openjdk-amd64/jre/lib/ext/sunjce_provider.jar
7fc2819f4000-7fc2819f8000 r--s 00037000 08:05 2230688                    /usr/lib/jvm/java-8-openjdk-amd64/jre/lib/ext/sunpkcs11.jar
7fc2819f8000-7fc281a14000 r--s 00393000 08:05 2230672                    /usr/lib/jvm/java-8-openjdk-amd64/jre/lib/ext/cldrdata.jar
7fc281a14000-7fc281a15000 ---p 00000000 00:00 0 
7fc281a15000-7fc281b15000 rw-p 00000000 00:00 0 
7fc281b15000-7fc281b18000 ---p 00000000 00:00 0 
7fc281b18000-7fc281c16000 rw-p 00000000 00:00 0 
7fc281c16000-7fc281c19000 ---p 00000000 00:00 0 
7fc281c19000-7fc281d17000 rw-p 00000000 00:00 0 
7fc281d17000-7fc281d1a000 ---p 00000000 00:00 0 
7fc281d1a000-7fc281e18000 rw-p 00000000 00:00 0 
7fc281e18000-7fc281e1b000 ---p 00000000 00:00 0 
7fc281e1b000-7fc281f19000 rw-p 00000000 00:00 0 
7fc281f19000-7fc281f1c000 ---p 00000000 00:00 0 
7fc281f1c000-7fc28201a000 rw-p 00000000 00:00 0 
7fc28201a000-7fc2822f3000 r--p 00000000 08:05 2228469                    /usr/lib/locale/locale-archive
7fc2822f3000-7fc2822f6000 ---p 00000000 00:00 0 
7fc2822f6000-7fc2823f4000 rw-p 00000000 00:00 0 
7fc2823f4000-7fc2823f7000 ---p 00000000 00:00 0 
7fc2823f7000-7fc2824f5000 rw-p 00000000 00:00 0 
7fc2824f5000-7fc2824f6000 ---p 00000000 00:00 0 
7fc2824f6000-7fc285000000 rw-p 00000000 00:00 0 
7fc285000000-7fc2856d0000 rwxp 00000000 00:00 0 
7fc2856d0000-7fc294000000 ---p 00000000 00:00 0 
7fc294000000-7fc2941d7000 rw-p 00000000 00:00 0 
7fc2941d7000-7fc298000000 ---p 00000000 00:00 0 
7fc298000000-7fc29800a000 r--s 00116000 08:05 2230685                    /usr/lib/jvm/java-8-openjdk-amd64/jre/lib/ext/localedata.jar
7fc29800a000-7fc2985b4000 rw-p 00000000 00:00 0 
7fc2985b4000-7fc298782000 r--s 03beb000 08:05 2230638                    /usr/lib/jvm/java-8-openjdk-amd64/jre/lib/rt.jar
7fc298782000-7fc298e78000 rw-p 00000000 00:00 0 
7fc298e78000-7fc298ff8000 ---p 00000000 00:00 0 
7fc298ff8000-7fc2991f8000 rw-p 00000000 00:00 0 
7fc2991f8000-7fc2991f9000 ---p 00000000 00:00 0 
7fc2991f9000-7fc2992f9000 rw-p 00000000 00:00 0 
7fc2992f9000-7fc2992fa000 ---p 00000000 00:00 0 
7fc2992fa000-7fc2993fa000 rw-p 00000000 00:00 0 
7fc2993fa000-7fc2993fb000 ---p 00000000 00:00 0 
7fc2993fb000-7fc2994fb000 rw-p 00000000 00:00 0 
7fc2994fb000-7fc2994fc000 ---p 00000000 00:00 0 
7fc2994fc000-7fc299610000 rw-p 00000000 00:00 0 
7fc299610000-7fc299752000 ---p 00000000 00:00 0 
7fc299752000-7fc299766000 rw-p 00000000 00:00 0 
7fc299766000-7fc2998a7000 ---p 00000000 00:00 0 
7fc2998a7000-7fc2998f1000 rw-p 00000000 00:00 0 
7fc2998f1000-7fc299952000 ---p 00000000 00:00 0 
7fc299952000-7fc29996f000 rw-p 00000000 00:00 0 
7fc29996f000-7fc299d13000 ---p 00000000 00:00 0 
7fc299d13000-7fc299d1b000 r-xp 00000000 08:05 2230202                    /usr/lib/jvm/java-8-openjdk-amd64/jre/lib/amd64/libzip.so
7fc299d1b000-7fc299f1a000 ---p 00008000 08:05 2230202                    /usr/lib/jvm/java-8-openjdk-amd64/jre/lib/amd64/libzip.so
7fc299f1a000-7fc299f1b000 r--p 00007000 08:05 2230202                    /usr/lib/jvm/java-8-openjdk-amd64/jre/lib/amd64/libzip.so
7fc299f1b000-7fc299f1c000 rw-p 00008000 08:05 2230202                    /usr/lib/jvm/java-8-openjdk-amd64/jre/lib/amd64/libzip.so
7fc299f1c000-7fc299f27000 r-xp 00000000 08:05 135289                     /lib/x86_64-linux-gnu/libnss_files-2.23.so
7fc299f27000-7fc29a126000 ---p 0000b000 08:05 135289                     /lib/x86_64-linux-gnu/libnss_files-2.23.so
7fc29a126000-7fc29a127000 r--p 0000a000 08:05 135289                     /lib/x86_64-linux-gnu/libnss_files-2.23.so
7fc29a127000-7fc29a128000 rw-p 0000b000 08:05 135289                     /lib/x86_64-linux-gnu/libnss_files-2.23.so
7fc29a128000-7fc29a12e000 rw-p 00000000 00:00 0 
7fc29a12e000-7fc29a139000 r-xp 00000000 08:05 135228                     /lib/x86_64-linux-gnu/libnss_nis-2.23.so
7fc29a139000-7fc29a338000 ---p 0000b000 08:05 135228                     /lib/x86_64-linux-gnu/libnss_nis-2.23.so
7fc29a338000-7fc29a339000 r--p 0000a000 08:05 135228                     /lib/x86_64-linux-gnu/libnss_nis-2.23.so
7fc29a339000-7fc29a33a000 rw-p 0000b000 08:05 135228                     /lib/x86_64-linux-gnu/libnss_nis-2.23.so
7fc29a33a000-7fc29a350000 r-xp 00000000 08:05 135200                     /lib/x86_64-linux-gnu/libnsl-2.23.so
7fc29a350000-7fc29a54f000 ---p 00016000 08:05 135200                     /lib/x86_64-linux-gnu/libnsl-2.23.so
7fc29a54f000-7fc29a550000 r--p 00015000 08:05 135200                     /lib/x86_64-linux-gnu/libnsl-2.23.so
7fc29a550000-7fc29a551000 rw-p 00016000 08:05 135200                     /lib/x86_64-linux-gnu/libnsl-2.23.so
7fc29a551000-7fc29a553000 rw-p 00000000 00:00 0 
7fc29a553000-7fc29a55b000 r-xp 00000000 08:05 135196                     /lib/x86_64-linux-gnu/libnss_compat-2.23.so
7fc29a55b000-7fc29a75a000 ---p 00008000 08:05 135196                     /lib/x86_64-linux-gnu/libnss_compat-2.23.so
7fc29a75a000-7fc29a75b000 r--p 00007000 08:05 135196                     /lib/x86_64-linux-gnu/libnss_compat-2.23.so
7fc29a75b000-7fc29a75c000 rw-p 00008000 08:05 135196                     /lib/x86_64-linux-gnu/libnss_compat-2.23.so
7fc29a75c000-7fc29a789000 r-xp 00000000 08:05 2230165                    /usr/lib/jvm/java-8-openjdk-amd64/jre/lib/amd64/libjava.so
7fc29a789000-7fc29a988000 ---p 0002d000 08:05 2230165                    /usr/lib/jvm/java-8-openjdk-amd64/jre/lib/amd64/libjava.so
7fc29a988000-7fc29a989000 r--p 0002c000 08:05 2230165                    /usr/lib/jvm/java-8-openjdk-amd64/jre/lib/amd64/libjava.so
7fc29a989000-7fc29a98b000 rw-p 0002d000 08:05 2230165                    /usr/lib/jvm/java-8-openjdk-amd64/jre/lib/amd64/libjava.so
7fc29a98b000-7fc29a99a000 r-xp 00000000 08:05 2230166                    /usr/lib/jvm/java-8-openjdk-amd64/jre/lib/amd64/libverify.so
7fc29a99a000-7fc29ab99000 ---p 0000f000 08:05 2230166                    /usr/lib/jvm/java-8-openjdk-amd64/jre/lib/amd64/libverify.so
7fc29ab99000-7fc29ab9b000 r--p 0000e000 08:05 2230166                    /usr/lib/jvm/java-8-openjdk-amd64/jre/lib/amd64/libverify.so
7fc29ab9b000-7fc29ab9c000 rw-p 00010000 08:05 2230166                    /usr/lib/jvm/java-8-openjdk-amd64/jre/lib/amd64/libverify.so
7fc29ab9c000-7fc29aba3000 r-xp 00000000 08:05 146895                     /lib/x86_64-linux-gnu/librt-2.23.so
7fc29aba3000-7fc29ada2000 ---p 00007000 08:05 146895                     /lib/x86_64-linux-gnu/librt-2.23.so
7fc29ada2000-7fc29ada3000 r--p 00006000 08:05 146895                     /lib/x86_64-linux-gnu/librt-2.23.so
7fc29ada3000-7fc29ada4000 rw-p 00007000 08:05 146895                     /lib/x86_64-linux-gnu/librt-2.23.so
7fc29ada4000-7fc29adba000 r-xp 00000000 08:05 132147                     /lib/x86_64-linux-gnu/libgcc_s.so.1
7fc29adba000-7fc29afb9000 ---p 00016000 08:05 132147                     /lib/x86_64-linux-gnu/libgcc_s.so.1
7fc29afb9000-7fc29afba000 rw-p 00015000 08:05 132147                     /lib/x86_64-linux-gnu/libgcc_s.so.1
7fc29afba000-7fc29b0c2000 r-xp 00000000 08:05 146883                     /lib/x86_64-linux-gnu/libm-2.23.so
7fc29b0c2000-7fc29b2c1000 ---p 00108000 08:05 146883                     /lib/x86_64-linux-gnu/libm-2.23.so
7fc29b2c1000-7fc29b2c2000 r--p 00107000 08:05 146883                     /lib/x86_64-linux-gnu/libm-2.23.so
7fc29b2c2000-7fc29b2c3000 rw-p 00108000 08:05 146883                     /lib/x86_64-linux-gnu/libm-2.23.so
7fc29b2c3000-7fc29b435000 r-xp 00000000 08:05 2230690                    /usr/lib/x86_64-linux-gnu/libstdc++.so.6.0.21
7fc29b435000-7fc29b635000 ---p 00172000 08:05 2230690                    /usr/lib/x86_64-linux-gnu/libstdc++.so.6.0.21
7fc29b635000-7fc29b63f000 r--p 00172000 08:05 2230690                    /usr/lib/x86_64-linux-gnu/libstdc++.so.6.0.21
7fc29b63f000-7fc29b641000 rw-p 0017c000 08:05 2230690                    /usr/lib/x86_64-linux-gnu/libstdc++.so.6.0.21
7fc29b641000-7fc29b645000 rw-p 00000000 00:00 0 
7fc29b645000-7fc29c28b000 r-xp 00000000 08:05 2230195                    /usr/lib/jvm/java-8-openjdk-amd64/jre/lib/amd64/server/libjvm.so
7fc29c28b000-7fc29c48b000 ---p 00c46000 08:05 2230195                    /usr/lib/jvm/java-8-openjdk-amd64/jre/lib/amd64/server/libjvm.so
7fc29c48b000-7fc29c51e000 r--p 00c46000 08:05 2230195                    /usr/lib/jvm/java-8-openjdk-amd64/jre/lib/amd64/server/libjvm.so
7fc29c51e000-7fc29c546000 rw-p 00cd9000 08:05 2230195                    /usr/lib/jvm/java-8-openjdk-amd64/jre/lib/amd64/server/libjvm.so
7fc29c546000-7fc29c576000 rw-p 00000000 00:00 0 
7fc29c576000-7fc29c58e000 r-xp 00000000 08:05 146911                     /lib/x86_64-linux-gnu/libpthread-2.23.so
7fc29c58e000-7fc29c78d000 ---p 00018000 08:05 146911                     /lib/x86_64-linux-gnu/libpthread-2.23.so
7fc29c78d000-7fc29c78e000 r--p 00017000 08:05 146911                     /lib/x86_64-linux-gnu/libpthread-2.23.so
7fc29c78e000-7fc29c78f000 rw-p 00018000 08:05 146911                     /lib/x86_64-linux-gnu/libpthread-2.23.so
7fc29c78f000-7fc29c793000 rw-p 00000000 00:00 0 
7fc29c793000-7fc29c796000 r-xp 00000000 08:05 146919                     /lib/x86_64-linux-gnu/libdl-2.23.so
7fc29c796000-7fc29c995000 ---p 00003000 08:05 146919                     /lib/x86_64-linux-gnu/libdl-2.23.so
7fc29c995000-7fc29c996000 r--p 00002000 08:05 146919                     /lib/x86_64-linux-gnu/libdl-2.23.so
7fc29c996000-7fc29c997000 rw-p 00003000 08:05 146919                     /lib/x86_64-linux-gnu/libdl-2.23.so
7fc29c997000-7fc29c9b0000 r-xp 00000000 08:05 131150                     /lib/x86_64-linux-gnu/libz.so.1.2.8
7fc29c9b0000-7fc29cbaf000 ---p 00019000 08:05 131150                     /lib/x86_64-linux-gnu/libz.so.1.2.8
7fc29cbaf000-7fc29cbb0000 r--p 00018000 08:05 131150                     /lib/x86_64-linux-gnu/libz.so.1.2.8
7fc29cbb0000-7fc29cbb1000 rw-p 00019000 08:05 131150                     /lib/x86_64-linux-gnu/libz.so.1.2.8
7fc29cbb1000-7fc29cd71000 r-xp 00000000 08:05 146915                     /lib/x86_64-linux-gnu/libc-2.23.so
7fc29cd71000-7fc29cf70000 ---p 001c0000 08:05 146915                     /lib/x86_64-linux-gnu/libc-2.23.so
7fc29cf70000-7fc29cf74000 r--p 001bf000 08:05 146915                     /lib/x86_64-linux-gnu/libc-2.23.so
7fc29cf74000-7fc29cf76000 rw-p 001c3000 08:05 146915                     /lib/x86_64-linux-gnu/libc-2.23.so
7fc29cf76000-7fc29cf7a000 rw-p 00000000 00:00 0 
7fc29cf7a000-7fc29cf87000 r-xp 00000000 08:05 2230536                    /usr/lib/jvm/java-8-openjdk-amd64/jre/lib/amd64/jli/libjli.so
7fc29cf87000-7fc29d187000 ---p 0000d000 08:05 2230536                    /usr/lib/jvm/java-8-openjdk-amd64/jre/lib/amd64/jli/libjli.so
7fc29d187000-7fc29d188000 r--p 0000d000 08:05 2230536                    /usr/lib/jvm/java-8-openjdk-amd64/jre/lib/amd64/jli/libjli.so
7fc29d188000-7fc29d189000 rw-p 0000e000 08:05 2230536                    /usr/lib/jvm/java-8-openjdk-amd64/jre/lib/amd64/jli/libjli.so
7fc29d189000-7fc29d1af000 r-xp 00000000 08:05 146899                     /lib/x86_64-linux-gnu/ld-2.23.so
7fc29d1af000-7fc29d1b2000 r--s 0000f000 08:05 2230683                    /usr/lib/jvm/java-8-openjdk-amd64/jre/lib/ext/icedtea-sound.jar
7fc29d1b2000-7fc29d282000 rw-p 00000000 00:00 0 
7fc29d282000-7fc29d285000 ---p 00000000 00:00 0 
7fc29d285000-7fc29d388000 rw-p 00000000 00:00 0 
7fc29d389000-7fc29d38a000 r--s 00010000 08:05 2230679                    /usr/lib/jvm/java-8-openjdk-amd64/jre/lib/ext/zipfs.jar
7fc29d38a000-7fc29d38b000 r--s 00008000 08:05 2230674                    /usr/lib/jvm/java-8-openjdk-amd64/jre/lib/ext/sunec.jar
7fc29d38b000-7fc29d38d000 r--s 00001000 08:05 2230671                    /usr/lib/jvm/java-8-openjdk-amd64/jre/lib/ext/dnsns.jar
7fc29d38d000-7fc29d38e000 r--s 0000a000 08:05 2230677                    /usr/lib/jvm/java-8-openjdk-amd64/jre/lib/ext/jaccess.jar
7fc29d38e000-7fc29d3a2000 rw-p 00000000 00:00 0 
7fc29d3a2000-7fc29d3aa000 rw-s 00000000 08:05 525011                     /tmp/hsperfdata_vanhauten/13911
7fc29d3aa000-7fc29d3ab000 rw-p 00000000 00:00 0 
7fc29d3ab000-7fc29d3ac000 ---p 00000000 00:00 0 
7fc29d3ac000-7fc29d3ae000 rw-p 00000000 00:00 0 
7fc29d3ae000-7fc29d3af000 r--p 00025000 08:05 146899                     /lib/x86_64-linux-gnu/ld-2.23.so
7fc29d3af000-7fc29d3b0000 rw-p 00026000 08:05 146899                     /lib/x86_64-linux-gnu/ld-2.23.so
7fc29d3b0000-7fc29d3b1000 rw-p 00000000 00:00 0 
7fff9e587000-7fff9e5a8000 rw-p 00000000 00:00 0                          [stack]
7fff9e5cd000-7fff9e5cf000 r--p 00000000 00:00 0                          [vvar]
7fff9e5cf000-7fff9e5d1000 r-xp 00000000 00:00 0                          [vdso]
ffffffffff600000-ffffffffff601000 r-xp 00000000 00:00 0                  [vsyscall]

VM Arguments:
jvm_args: -Djava.awt.headless=true -Xmx1024M -Dfile.encoding=UTF-8 -Duser.country=ID -Duser.language=in -Duser.variant 
java_command: com.android.dx.command.Main --dex --force-jumbo --num-threads=4 --multi-dex --output /home/vanhauten/AndroidStudioProjects/Scanner_Barang/app/build/intermediates/transforms/dex/debug/folders/1000/10/core-3.2.1_a0e75227b2a980c8f9bce4c654c1c313e571786d /home/vanhauten/.gradle/caches/modules-2/files-2.1/com.google.zxing/core/3.2.1/2287494d4f5f9f3a9a2bb6980e3f32053721b315/core-3.2.1.jar
java_class_path (initial): /home/vanhauten/Android/Sdk/build-tools/23.0.3/lib/dx.jar
Launcher Type: SUN_STANDARD

Environment Variables:
PATH=/usr/local/sbin:/usr/local/bin:/usr/sbin:/usr/bin:/sbin:/bin:/usr/games:/usr/local/games:/snap/bin
LD_LIBRARY_PATH=/opt/android-studio/bin:
SHELL=/bin/bash
DISPLAY=:0

Signal Handlers:
SIGSEGV: [libjvm.so+0xa5e970], sa_mask[0]=11111111011111111101111111111110, sa_flags=SA_RESTART|SA_SIGINFO
SIGBUS: [libjvm.so+0xa5e970], sa_mask[0]=11111111011111111101111111111110, sa_flags=SA_RESTART|SA_SIGINFO
SIGFPE: [libjvm.so+0x8a9ff0], sa_mask[0]=11111111011111111101111111111110, sa_flags=SA_RESTART|SA_SIGINFO
SIGPIPE: [libjvm.so+0x8a9ff0], sa_mask[0]=11111111011111111101111111111110, sa_flags=SA_RESTART|SA_SIGINFO
SIGXFSZ: [libjvm.so+0x8a9ff0], sa_mask[0]=11111111011111111101111111111110, sa_flags=SA_RESTART|SA_SIGINFO
SIGILL: [libjvm.so+0x8a9ff0], sa_mask[0]=11111111011111111101111111111110, sa_flags=SA_RESTART|SA_SIGINFO
SIGUSR1: SIG_DFL, sa_mask[0]=00000000000000000000000000000000, sa_flags=none
SIGUSR2: [libjvm.so+0x8a9ea0], sa_mask[0]=00100000000000000000000000000000, sa_flags=SA_RESTART|SA_SIGINFO
SIGHUP: [libjvm.so+0x8aa370], sa_mask[0]=11111111011111111101111111111110, sa_flags=SA_RESTART|SA_SIGINFO
SIGINT: [libjvm.so+0x8aa370], sa_mask[0]=11111111011111111101111111111110, sa_flags=SA_RESTART|SA_SIGINFO
SIGTERM: [libjvm.so+0x8aa370], sa_mask[0]=11111111011111111101111111111110, sa_flags=SA_RESTART|SA_SIGINFO
SIGQUIT: [libjvm.so+0x8aa370], sa_mask[0]=11111111011111111101111111111110, sa_flags=SA_RESTART|SA_SIGINFO


---------------  S Y S T E M  ---------------

OS:DISTRIB_ID=Ubuntu
DISTRIB_RELEASE=16.04
DISTRIB_CODENAME=xenial
DISTRIB_DESCRIPTION="Ubuntu 16.04.1 LTS"

uname:Linux 4.4.0-34-generic #53-Ubuntu SMP Wed Jul 27 16:06:39 UTC 2016 x86_64
libc:glibc 2.23 NPTL 2.23 
rlimit: STACK 8192k, CORE 0k, NPROC 14855, NOFILE 65536, AS infinity
load average:13,35 5,12 2,91

/proc/meminfo:
MemTotal:        3841896 kB
MemFree:          115956 kB
MemAvailable:      21720 kB
Buffers:             568 kB
Cached:           263572 kB
SwapCached:            0 kB
Active:          3281120 kB
Inactive:         239884 kB
Active(anon):    3278184 kB
Inactive(anon):   228812 kB
Active(file):       2936 kB
Inactive(file):    11072 kB
Unevictable:           0 kB
Mlocked:               0 kB
SwapTotal:             0 kB
SwapFree:              0 kB
Dirty:               212 kB
Writeback:             0 kB
AnonPages:       3257372 kB
Mapped:            56672 kB
Shmem:            249624 kB
Slab:              81020 kB
SReclaimable:      41512 kB
SUnreclaim:        39508 kB
KernelStack:       11440 kB
PageTables:        35584 kB
NFS_Unstable:          0 kB
Bounce:                0 kB
WritebackTmp:          0 kB
CommitLimit:     1920948 kB
Committed_AS:    6609248 kB
VmallocTotal:   34359738367 kB
VmallocUsed:           0 kB
VmallocChunk:          0 kB
HardwareCorrupted:     0 kB
AnonHugePages:   1734656 kB
CmaTotal:              0 kB
CmaFree:               0 kB
HugePages_Total:       0
HugePages_Free:        0
HugePages_Rsvd:        0
HugePages_Surp:        0
Hugepagesize:       2048 kB
DirectMap4k:      164608 kB
DirectMap2M:     3956736 kB
DirectMap1G:     1048576 kB


CPU:total 4 (2 cores per cpu, 2 threads per core) family 6 model 69 stepping 1, cmov, cx8, fxsr, mmx, sse, sse2, sse3, ssse3, sse4.1, sse4.2, popcnt, avx, avx2, aes, clmul, erms, lzcnt, ht, tsc, tscinvbit, bmi1, bmi2

/proc/cpuinfo:
processor	: 0
vendor_id	: GenuineIntel
cpu family	: 6
model		: 69
model name	: Intel(R) Core(TM) i5-4200U CPU @ 1.60GHz
stepping	: 1
microcode	: 0x17
cpu MHz		: 799.968
cache size	: 3072 KB
physical id	: 0
siblings	: 4
core id		: 0
cpu cores	: 2
apicid		: 0
initial apicid	: 0
fpu		: yes
fpu_exception	: yes
cpuid level	: 13
wp		: yes
flags		: fpu vme de pse tsc msr pae mce cx8 apic sep mtrr pge mca cmov pat pse36 clflush dts acpi mmx fxsr sse sse2 ss ht tm pbe syscall nx pdpe1gb rdtscp lm constant_tsc arch_perfmon pebs bts rep_good nopl xtopology nonstop_tsc aperfmperf eagerfpu pni pclmulqdq dtes64 monitor ds_cpl vmx est tm2 ssse3 sdbg fma cx16 xtpr pdcm pcid sse4_1 sse4_2 movbe popcnt tsc_deadline_timer aes xsave avx f16c rdrand lahf_lm abm epb tpr_shadow vnmi flexpriority ept vpid fsgsbase tsc_adjust bmi1 avx2 smep bmi2 erms invpcid xsaveopt dtherm ida arat pln pts
bugs		:
bogomips	: 4589.17
clflush size	: 64
cache_alignment	: 64
address sizes	: 39 bits physical, 48 bits virtual
power management:

processor	: 1
vendor_id	: GenuineIntel
cpu family	: 6
model		: 69
model name	: Intel(R) Core(TM) i5-4200U CPU @ 1.60GHz
stepping	: 1
microcode	: 0x17
cpu MHz		: 821.980
cache size	: 3072 KB
physical id	: 0
siblings	: 4
core id		: 0
cpu cores	: 2
apicid		: 1
initial apicid	: 1
fpu		: yes
fpu_exception	: yes
cpuid level	: 13
wp		: yes
flags		: fpu vme de pse tsc msr pae mce cx8 apic sep mtrr pge mca cmov pat pse36 clflush dts acpi mmx fxsr sse sse2 ss ht tm pbe syscall nx pdpe1gb rdtscp lm constant_tsc arch_perfmon pebs bts rep_good nopl xtopology nonstop_tsc aperfmperf eagerfpu pni pclmulqdq dtes64 monitor ds_cpl vmx est tm2 ssse3 sdbg fma cx16 xtpr pdcm pcid sse4_1 sse4_2 movbe popcnt tsc_deadline_timer aes xsave avx f16c rdrand lahf_lm abm epb tpr_shadow vnmi flexpriority ept vpid fsgsbase tsc_adjust bmi1 avx2 smep bmi2 erms invpcid xsaveopt dtherm ida arat pln pts
bugs		:
bogomips	: 4589.17
clflush size	: 64
cache_alignment	: 64
address sizes	: 39 bits physical, 48 bits virtual
power management:

processor	: 2
vendor_id	: GenuineIntel
cpu family	: 6
model		: 69
model name	: Intel(R) Core(TM) i5-4200U CPU @ 1.60GHz
stepping	: 1
microcode	: 0x17
cpu MHz		: 898.796
cache size	: 3072 KB
physical id	: 0
siblings	: 4
core id		: 1
cpu cores	: 2
apicid		: 2
initial apicid	: 2
fpu		: yes
fpu_exception	: yes
cpuid level	: 13
wp		: yes
flags		: fpu vme de pse tsc msr pae mce cx8 apic sep mtrr pge mca cmov pat pse36 clflush dts acpi mmx fxsr sse sse2 ss ht tm pbe syscall nx pdpe1gb rdtscp lm constant_tsc arch_perfmon pebs bts rep_good nopl xtopology nonstop_tsc aperfmperf eagerfpu pni pclmulqdq dtes64 monitor ds_cpl vmx est tm2 ssse3 sdbg fma cx16 xtpr pdcm pcid sse4_1 sse4_2 movbe popcnt tsc_deadline_timer aes xsave avx f16c rdrand lahf_lm abm epb tpr_shadow vnmi flexpriority ept vpid fsgsbase tsc_adjust bmi1 avx2 smep bmi2 erms invpcid xsaveopt dtherm ida arat pln pts
bugs		:
bogomips	: 4589.17
clflush size	: 64
cache_alignment	: 64
address sizes	: 39 bits physical, 48 bits virtual
power management:

processor	: 3
vendor_id	: GenuineIntel
cpu family	: 6
model		: 69
model name	: Intel(R) Core(TM) i5-4200U CPU @ 1.60GHz
stepping	: 1
microcode	: 0x17
cpu MHz		: 799.968
cache size	: 3072 KB
physical id	: 0
siblings	: 4
core id		: 1
cpu cores	: 2
apicid		: 3
initial apicid	: 3
fpu		: yes
fpu_exception	: yes
cpuid level	: 13
wp		: yes
flags		: fpu vme de pse tsc msr pae mce cx8 apic sep mtrr pge mca cmov pat pse36 clflush dts acpi mmx fxsr sse sse2 ss ht tm pbe syscall nx pdpe1gb rdtscp lm constant_tsc arch_perfmon pebs bts rep_good nopl xtopology nonstop_tsc aperfmperf eagerfpu pni pclmulqdq dtes64 monitor ds_cpl vmx est tm2 ssse3 sdbg fma cx16 xtpr pdcm pcid sse4_1 sse4_2 movbe popcnt tsc_deadline_timer aes xsave avx f16c rdrand lahf_lm abm epb tpr_shadow vnmi flexpriority ept vpid fsgsbase tsc_adjust bmi1 avx2 smep bmi2 erms invpcid xsaveopt dtherm ida arat pln pts
bugs		:
bogomips	: 4589.17
clflush size	: 64
cache_alignment	: 64
address sizes	: 39 bits physical, 48 bits virtual
power management:



Memory: 4k page, physical 3841896k(115956k free), swap 0k(0k free)

vm_info: OpenJDK 64-Bit Server VM (25.91-b14) for linux-amd64 JRE (1.8.0_91-8u91-b14-3ubuntu1~16.04.1-b14), built on Jul 21 2016 04:13:34 by "buildd" with gcc 5.3.1 20160413

